<?xml version="1.0" encoding="UTF-8"?>
<!-- Generated by org.testng.reporters.JUnitXMLReporter -->
<testsuite ignored="0" hostname="DESKTOP-N7KUQ8V" failures="0" tests="4" name="Test" time="0.16" errors="0" timestamp="2022-12-29T02:03:02 IST">
  <testcase classname="scripts.tc2" name="demo" time="0.02"/>
  <testcase classname="scripts.tc1" name="demo" time="0.001"/>
  <testcase classname="scripts.tc4" name="demo" time="0.003"/>
  <testcase classname="scripts.tc3" name="demo" time="0.003"/>
</testsuite> <!-- Test -->
