<?xml version="1.0" encoding="UTF-8"?>
<testng-results ignored="0" total="4" passed="4" failed="0" skipped="0">
  <reporter-output>
    <line>
      <![CDATA[hello java]]>
    </line>
    <line>
      <![CDATA[hello java]]>
    </line>
    <line>
      <![CDATA[hello java python]]>
    </line>
    <line>
      <![CDATA[hello java selenium]]>
    </line>
  </reporter-output>
  <suite started-at="2022-12-29T02:03:01 IST" name="Suite" finished-at="2022-12-29T02:03:01 IST" duration-ms="160">
    <groups>
    </groups>
    <test started-at="2022-12-29T02:03:01 IST" name="Test" finished-at="2022-12-29T02:03:01 IST" duration-ms="160">
      <class name="scripts.tc4">
        <test-method signature="demo()[pri:0, instance:scripts.tc4@70e8f8e]" started-at="2022-12-29T02:03:01 IST" name="demo" finished-at="2022-12-29T02:03:01 IST" duration-ms="3" status="PASS">
          <reporter-output>
            <line>
              <![CDATA[hello java python]]>
            </line>
          </reporter-output>
        </test-method> <!-- demo -->
      </class> <!-- scripts.tc4 -->
      <class name="scripts.tc3">
        <test-method signature="demo()[pri:0, instance:scripts.tc3@17046283]" started-at="2022-12-29T02:03:01 IST" name="demo" finished-at="2022-12-29T02:03:01 IST" duration-ms="3" status="PASS">
          <reporter-output>
            <line>
              <![CDATA[hello java selenium]]>
            </line>
          </reporter-output>
        </test-method> <!-- demo -->
      </class> <!-- scripts.tc3 -->
      <class name="scripts.tc2">
        <test-method signature="demo()[pri:0, instance:scripts.tc2@418e7838]" started-at="2022-12-29T02:03:01 IST" name="demo" finished-at="2022-12-29T02:03:01 IST" duration-ms="20" status="PASS">
          <reporter-output>
            <line>
              <![CDATA[hello java]]>
            </line>
          </reporter-output>
        </test-method> <!-- demo -->
      </class> <!-- scripts.tc2 -->
      <class name="scripts.tc1">
        <test-method signature="demo()[pri:0, instance:scripts.tc1@2e4b8173]" started-at="2022-12-29T02:03:01 IST" name="demo" finished-at="2022-12-29T02:03:01 IST" duration-ms="1" status="PASS">
          <reporter-output>
            <line>
              <![CDATA[hello java]]>
            </line>
          </reporter-output>
        </test-method> <!-- demo -->
      </class> <!-- scripts.tc1 -->
    </test> <!-- Test -->
  </suite> <!-- Suite -->
</testng-results>
